# JRE version: OpenJDK Runtime Environment (8.0_212-b04) (build 1.8.0_212-release-1586-b04)
# Java VM: OpenJDK 64-Bit Server VM (25.212-b04 mixed mode windows-amd64 compressed oops)
Heap:
 PSYoungGen      total 452096K, used 5708K [0x00000000e0000000, 0x00000000ffe80000, 0x0000000100000000)
  eden space 386048K, 0% used [0x00000000e0000000,0x00000000e0000000,0x00000000f7900000)
  from space 66048K, 8% used [0x00000000f7900000,0x00000000f7e93090,0x00000000fb980000)
  to   space 64512K, 0% used [0x00000000fbf80000,0x00000000fbf80000,0x00000000ffe80000)
 ParOldGen       total 231936K, used 213431K [0x00000000a0000000, 0x00000000ae280000, 0x00000000e0000000)
  object space 231936K, 92% used [0x00000000a0000000,0x00000000ad06de18,0x00000000ae280000)
 Metaspace       used 89851K, capacity 94038K, committed 94376K, reserved 1130496K
  class space    used 11509K, capacity 12343K, committed 12456K, reserved 1048576K
GC Heap History (10 events):
Event: 71.069 GC heap after
Heap after GC invocations=27 (full 4):
 PSYoungGen      total 444928K, used 4416K [0x00000000e0000000, 0x00000000ffe00000, 0x0000000100000000)
  eden space 371200K, 0% used [0x00000000e0000000,0x00000000e0000000,0x00000000f6a80000)
  from space 73728K, 5% used [0x00000000f6a80000,0x00000000f6ed0000,0x00000000fb280000)
  to   space 73216K, 0% used [0x00000000fb680000,0x00000000fb680000,0x00000000ffe00000)
 ParOldGen       total 231936K, used 183909K [0x00000000a0000000, 0x00000000ae280000, 0x00000000e0000000)
  object space 231936K, 79% used [0x00000000a0000000,0x00000000ab399660,0x00000000ae280000)
 Metaspace       used 89747K, capacity 93970K, committed 94120K, reserved 1130496K
  class space    used 11509K, capacity 12343K, committed 12456K, reserved 1048576K
}
Event: 72.167 GC heap before
{Heap before GC invocations=28 (full 4):
 PSYoungGen      total 444928K, used 375616K [0x00000000e0000000, 0x00000000ffe00000, 0x0000000100000000)
  eden space 371200K, 100% used [0x00000000e0000000,0x00000000f6a80000,0x00000000f6a80000)
  from space 73728K, 5% used [0x00000000f6a80000,0x00000000f6ed0000,0x00000000fb280000)
  to   space 73216K, 0% used [0x00000000fb680000,0x00000000fb680000,0x00000000ffe00000)
 ParOldGen       total 231936K, used 183911K [0x00000000a0000000, 0x00000000ae280000, 0x00000000e0000000)
  object space 231936K, 79% used [0x00000000a0000000,0x00000000ab399e80,0x00000000ae280000)
 Metaspace       used 89789K, capacity 93974K, committed 94120K, reserved 1130496K
  class space    used 11509K, capacity 12343K, committed 12456K, reserved 1048576K
Event: 72.212 GC heap after
Heap after GC invocations=28 (full 4):
 PSYoungGen      total 445952K, used 16248K [0x00000000e0000000, 0x00000000ff980000, 0x0000000100000000)
  eden space 377344K, 0% used [0x00000000e0000000,0x00000000e0000000,0x00000000f7080000)
  from space 68608K, 23% used [0x00000000fb680000,0x00000000fc65e3f8,0x00000000ff980000)
  to   space 70144K, 0% used [0x00000000f7080000,0x00000000f7080000,0x00000000fb500000)
 ParOldGen       total 231936K, used 187204K [0x00000000a0000000, 0x00000000ae280000, 0x00000000e0000000)
  object space 231936K, 80% used [0x00000000a0000000,0x00000000ab6d1038,0x00000000ae280000)
 Metaspace       used 89789K, capacity 93974K, committed 94120K, reserved 1130496K
  class space    used 11509K, capacity 12343K, committed 12456K, reserved 1048576K
}
Event: 73.389 GC heap before
{Heap before GC invocations=29 (full 4):
 PSYoungGen      total 445952K, used 393592K [0x00000000e0000000, 0x00000000ff980000, 0x0000000100000000)
  eden space 377344K, 100% used [0x00000000e0000000,0x00000000f7080000,0x00000000f7080000)
  from space 68608K, 23% used [0x00000000fb680000,0x00000000fc65e3f8,0x00000000ff980000)
  to   space 70144K, 0% used [0x00000000f7080000,0x00000000f7080000,0x00000000fb500000)
 ParOldGen       total 231936K, used 187204K [0x00000000a0000000, 0x00000000ae280000, 0x00000000e0000000)
  object space 231936K, 80% used [0x00000000a0000000,0x00000000ab6d1038,0x00000000ae280000)
 Metaspace       used 89804K, capacity 93974K, committed 94120K, reserved 1130496K
  class space    used 11509K, capacity 12343K, committed 12456K, reserved 1048576K
Event: 73.421 GC heap after
Heap after GC invocations=29 (full 4):
 PSYoungGen      total 447488K, used 10051K [0x00000000e0000000, 0x00000000ffd80000, 0x0000000100000000)
  eden space 377344K, 0% used [0x00000000e0000000,0x00000000e0000000,0x00000000f7080000)
  from space 70144K, 14% used [0x00000000f7080000,0x00000000f7a50ce0,0x00000000fb500000)
  to   space 68096K, 0% used [0x00000000fbb00000,0x00000000fbb00000,0x00000000ffd80000)
 ParOldGen       total 231936K, used 198720K [0x00000000a0000000, 0x00000000ae280000, 0x00000000e0000000)
  object space 231936K, 85% used [0x00000000a0000000,0x00000000ac2100b8,0x00000000ae280000)
 Metaspace       used 89804K, capacity 93974K, committed 94120K, reserved 1130496K
  class space    used 11509K, capacity 12343K, committed 12456K, reserved 1048576K
}
Event: 74.429 GC heap before
{Heap before GC invocations=30 (full 4):
 PSYoungGen      total 447488K, used 387395K [0x00000000e0000000, 0x00000000ffd80000, 0x0000000100000000)
  eden space 377344K, 100% used [0x00000000e0000000,0x00000000f7080000,0x00000000f7080000)
  from space 70144K, 14% used [0x00000000f7080000,0x00000000f7a50ce0,0x00000000fb500000)
  to   space 68096K, 0% used [0x00000000fbb00000,0x00000000fbb00000,0x00000000ffd80000)
 ParOldGen       total 231936K, used 198720K [0x00000000a0000000, 0x00000000ae280000, 0x00000000e0000000)
  object space 231936K, 85% used [0x00000000a0000000,0x00000000ac2100b8,0x00000000ae280000)
 Metaspace       used 89821K, capacity 94038K, committed 94376K, reserved 1130496K
  class space    used 11509K, capacity 12343K, committed 12456K, reserved 1048576K
Event: 74.454 GC heap after
Heap after GC invocations=30 (full 4):
 PSYoungGen      total 450560K, used 8936K [0x00000000e0000000, 0x00000000ffa00000, 0x0000000100000000)
  eden space 386048K, 0% used [0x00000000e0000000,0x00000000e0000000,0x00000000f7900000)
  from space 64512K, 13% used [0x00000000fbb00000,0x00000000fc3ba320,0x00000000ffa00000)
  to   space 66048K, 0% used [0x00000000f7900000,0x00000000f7900000,0x00000000fb980000)
 ParOldGen       total 231936K, used 206223K [0x00000000a0000000, 0x00000000ae280000, 0x00000000e0000000)
  object space 231936K, 88% used [0x00000000a0000000,0x00000000ac963e70,0x00000000ae280000)
 Metaspace       used 89821K, capacity 94038K, committed 94376K, reserved 1130496K
  class space    used 11509K, capacity 12343K, committed 12456K, reserved 1048576K
}
Event: 75.392 GC heap before
{Heap before GC invocations=31 (full 4):
 PSYoungGen      total 450560K, used 394984K [0x00000000e0000000, 0x00000000ffa00000, 0x0000000100000000)
  eden space 386048K, 100% used [0x00000000e0000000,0x00000000f7900000,0x00000000f7900000)
  from space 64512K, 13% used [0x00000000fbb00000,0x00000000fc3ba320,0x00000000ffa00000)
  to   space 66048K, 0% used [0x00000000f7900000,0x00000000f7900000,0x00000000fb980000)
 ParOldGen       total 231936K, used 206647K [0x00000000a0000000, 0x00000000ae280000, 0x00000000e0000000)
  object space 231936K, 89% used [0x00000000a0000000,0x00000000ac9cdd18,0x00000000ae280000)
 Metaspace       used 89851K, capacity 94038K, committed 94376K, reserved 1130496K
  class space    used 11509K, capacity 12343K, committed 12456K, reserved 1048576K
Event: 75.411 GC heap after
Heap after GC invocations=31 (full 4):
 PSYoungGen      total 452096K, used 5708K [0x00000000e0000000, 0x00000000ffe80000, 0x0000000100000000)
  eden space 386048K, 0% used [0x00000000e0000000,0x00000000e0000000,0x00000000f7900000)
  from space 66048K, 8% used [0x00000000f7900000,0x00000000f7e93090,0x00000000fb980000)
  to   space 64512K, 0% used [0x00000000fbf80000,0x00000000fbf80000,0x00000000ffe80000)
 ParOldGen       total 231936K, used 213431K [0x00000000a0000000, 0x00000000ae280000, 0x00000000e0000000)
  object space 231936K, 92% used [0x00000000a0000000,0x00000000ad06de18,0x00000000ae280000)
 Metaspace       used 89851K, capacity 94038K, committed 94376K, reserved 1130496K
  class space    used 11509K, capacity 12343K, committed 12456K, reserved 1048576K
}
Event: 75.411 GC heap before
{Heap before GC invocations=32 (full 5):
 PSYoungGen      total 452096K, used 5708K [0x00000000e0000000, 0x00000000ffe80000, 0x0000000100000000)
  eden space 386048K, 0% used [0x00000000e0000000,0x00000000e0000000,0x00000000f7900000)
  from space 66048K, 8% used [0x00000000f7900000,0x00000000f7e93090,0x00000000fb980000)
  to   space 64512K, 0% used [0x00000000fbf80000,0x00000000fbf80000,0x00000000ffe80000)
 ParOldGen       total 231936K, used 213431K [0x00000000a0000000, 0x00000000ae280000, 0x00000000e0000000)
  object space 231936K, 92% used [0x00000000a0000000,0x00000000ad06de18,0x00000000ae280000)
 Metaspace       used 89851K, capacity 94038K, committed 94376K, reserved 1130496K
  class space    used 11509K, capacity 12343K, committed 12456K, reserved 1048576K

